<?xml version="1.0" encoding="UTF-8"?>
<!-- Generated by org.testng.reporters.JUnitReportReporter -->
<testsuite hostname="Lenovo-PC" name="practice.DragAndDrop$DragNDrop" tests="1" failures="0" timestamp="10 Mar 2017 05:29:03 GMT" time="218.069" errors="0">
  <testcase name="testDragNDrop" time="218.069" classname="practice.DragAndDrop$DragNDrop"/>
</testsuite> <!-- practice.DragAndDrop$DragNDrop -->
