<?xml version="1.0" encoding="UTF-8"?>
<!-- Generated by org.testng.reporters.JUnitReportReporter -->
<testsuite hostname="Lenovo-PC" name="practice.GroupTestDemo" tests="4" failures="0" timestamp="20 Mar 2017 11:35:11 GMT" time="0.078" errors="0">
  <testcase name="meth1" time="0.040" classname="practice.GroupTestDemo"/>
  <testcase name="meth4" time="0.013" classname="practice.GroupTestDemo"/>
  <testcase name="meth3" time="0.013" classname="practice.GroupTestDemo"/>
  <testcase name="meth2" time="0.012" classname="practice.GroupTestDemo"/>
</testsuite> <!-- practice.GroupTestDemo -->
