<?xml version="1.0" encoding="UTF-8"?>
<!-- Generated by org.testng.reporters.JUnitReportReporter -->
<testsuite hostname="Lenovo-PC" name="practice.FrameDemo" tests="1" failures="0" timestamp="13 Mar 2017 10:03:33 GMT" time="35.088" errors="0">
  <testcase name="test" time="35.088" classname="practice.FrameDemo"/>
</testsuite> <!-- practice.FrameDemo -->
