<?xml version="1.0" encoding="UTF-8"?>
<!-- Generated by org.testng.reporters.JUnitReportReporter -->
<testsuite hostname="Lenovo-PC" name="practice.PriorityTestDemo" tests="4" failures="0" timestamp="20 Mar 2017 11:34:06 GMT" time="0.075" errors="0">
  <testcase name="meth1" time="0.014" classname="practice.PriorityTestDemo"/>
  <testcase name="meth4" time="0.039" classname="practice.PriorityTestDemo"/>
  <testcase name="meth3" time="0.010" classname="practice.PriorityTestDemo"/>
  <testcase name="meth2" time="0.012" classname="practice.PriorityTestDemo"/>
</testsuite> <!-- practice.PriorityTestDemo -->
