<?xml version="1.0" encoding="UTF-8"?>
<!-- Generated by org.testng.reporters.JUnitReportReporter -->
<testsuite hostname="Lenovo-PC" name="practice.ScreenShotDemo" tests="1" failures="0" timestamp="20 Mar 2017 05:51:33 GMT" time="72.888" errors="0">
  <testcase name="getScreenshot" time="72.888" classname="practice.ScreenShotDemo"/>
</testsuite> <!-- practice.ScreenShotDemo -->
