<?xml version="1.0" encoding="UTF-8"?>
<!-- Generated by org.testng.reporters.JUnitReportReporter -->
<testsuite hostname="Lenovo-PC" name="practice.GeicoApp" tests="1" failures="0" timestamp="6 Feb 2017 07:08:56 GMT" time="0.015" errors="1">
  <testcase name="testLogin" time="0.015" classname="practice.GeicoApp">
    <error type="org.openqa.selenium.WebDriverException" message="Failed to connect to binary FirefoxBinary(C:\Program Files (x86)\Mozilla Firefox\firefox.exe) on port 7055; process output follows: 
pi	DEBUG	Calling bootstrap method startup on aushelper@mozilla.org version 1.0
1486364897214	addons.xpi	DEBUG	Registering manifest for C:\Program Files (x86)\Mozilla Firefox\browser\features\e10srollout@mozilla.org.xpi
1486364897217	addons.xpi	DEBUG	Calling bootstrap method startup on e10srollout@mozilla.org version 1.7
1486364897219	addons.xpi	DEBUG	Registering manifest for C:\Program Files (x86)\Mozilla Firefox\browser\features\firefox@getpocket.com.xpi
1486364897221	addons.xpi	DEBUG	Calling bootstrap method startup on firefox@getpocket.com version 1.0.5
1486364897231	addons.xpi	DEBUG	Registering manifest for C:\Program Files (x86)\Mozilla Firefox\browser\features\webcompat@mozilla.org.xpi
1486364897233	addons.xpi	DEBUG	Calling bootstrap method startup on webcompat@mozilla.org version 1.0
1486364897239	addons.manager	DEBUG	Registering shutdown blocker for XPIProvider
1486364897240	addons.manager	DEBUG	Provider finished startup: XPIProvider
1486364897240	addons.manager	DEBUG	Starting provider: LightweightThemeManager
1486364897240	addons.manager	DEBUG	Registering shutdown blocker for LightweightThemeManager
1486364897241	addons.manager	DEBUG	Provider finished startup: LightweightThemeManager
1486364897243	addons.manager	DEBUG	Starting provider: GMPProvider
1486364897267	addons.manager	DEBUG	Registering shutdown blocker for GMPProvider
1486364897268	addons.manager	DEBUG	Provider finished startup: GMPProvider
1486364897268	addons.manager	DEBUG	Starting provider: PluginProvider
1486364897269	addons.manager	DEBUG	Registering shutdown blocker for PluginProvider
1486364897269	addons.manager	DEBUG	Provider finished startup: PluginProvider
1486364897270	addons.manager	DEBUG	Completed startup sequence
1486364900204	addons.manager	DEBUG	Starting provider: &lt;unnamed-provider&gt;
1486364900206	addons.manager	DEBUG	Registering shutdown blocker for &lt;unnamed-provider&gt;
1486364900206	addons.manager	DEBUG	Provider finished startup: &lt;unnamed-provider&gt;
1486364900721	DeferredSave.extensions.json	DEBUG	Write succeeded
1486364900722	addons.xpi-utils	DEBUG	XPI Database saved, setting schema version preference to 19
1486364900722	DeferredSave.extensions.json	DEBUG	Starting timer
1486364900871	DeferredSave.extensions.json	DEBUG	Starting write
1486364902582	addons.repository	DEBUG	No addons.json found.
1486364902585	DeferredSave.addons.json	DEBUG	Save changes
1486364902614	DeferredSave.addons.json	DEBUG	Starting timer
1486364907999	addons.manager	DEBUG	Starting provider: PreviousExperimentProvider
1486364908000	addons.manager	DEBUG	Registering shutdown blocker for PreviousExperimentProvider
1486364908001	addons.manager	DEBUG	Provider finished startup: PreviousExperimentProvider
1486364908052	DeferredSave.addons.json	DEBUG	Starting write
1486364908132	DeferredSave.extensions.json	DEBUG	Write succeeded
1486364908452	DeferredSave.addons.json	DEBUG	Write succeeded
1486364919669	addons.xpi	DEBUG	Calling bootstrap method shutdown on webcompat@mozilla.org version 1.0
1486364919671	addons.xpi	DEBUG	Calling bootstrap method shutdown on firefox@getpocket.com version 1.0.5
1486364919672	addons.xpi	DEBUG	Calling bootstrap method shutdown on e10srollout@mozilla.org version 1.7
1486364919675	addons.xpi	DEBUG	Calling bootstrap method shutdown on aushelper@mozilla.org version 1.0
1486364920344	addons.manager	DEBUG	shutdown
1486364920345	addons.manager	DEBUG	Calling shutdown blocker for XPIProvider
1486364920346	addons.xpi	DEBUG	shutdown
1486364920346	addons.xpi-utils	DEBUG	shutdown
1486364920348	addons.manager	DEBUG	Calling shutdown blocker for LightweightThemeManager
1486364920349	addons.manager	DEBUG	Calling shutdown blocker for GMPProvider
1486364920359	addons.manager	DEBUG	Calling shutdown blocker for PluginProvider
1486364920360	addons.manager	DEBUG	Calling shutdown blocker for &lt;unnamed-provider&gt;
1486364920365	addons.manager	DEBUG	Calling shutdown blocker for PreviousExperimentProvider
1486364920375	addons.xpi	DEBUG	Notifying XPI shutdown observers
1486364920388	addons.manager	DEBUG	Async provider shutdown done

Build info: version: &#039;2.53.0&#039;, revision: &#039;35ae25b&#039;, time: &#039;2016-03-15 16:57:40&#039;
System info: host: &#039;Lenovo-PC&#039;, ip: &#039;192.168.209.1&#039;, os.name: &#039;Windows 8.1&#039;, os.arch: &#039;amd64&#039;, os.version: &#039;6.3&#039;, java.version: &#039;1.7.0_79&#039;
Driver info: driver.version: FirefoxDriver">
      <![CDATA[org.openqa.selenium.WebDriverException: Failed to connect to binary FirefoxBinary(C:\Program Files (x86)\Mozilla Firefox\firefox.exe) on port 7055; process output follows: 
pi	DEBUG	Calling bootstrap method startup on aushelper@mozilla.org version 1.0
1486364897214	addons.xpi	DEBUG	Registering manifest for C:\Program Files (x86)\Mozilla Firefox\browser\features\e10srollout@mozilla.org.xpi
1486364897217	addons.xpi	DEBUG	Calling bootstrap method startup on e10srollout@mozilla.org version 1.7
1486364897219	addons.xpi	DEBUG	Registering manifest for C:\Program Files (x86)\Mozilla Firefox\browser\features\firefox@getpocket.com.xpi
1486364897221	addons.xpi	DEBUG	Calling bootstrap method startup on firefox@getpocket.com version 1.0.5
1486364897231	addons.xpi	DEBUG	Registering manifest for C:\Program Files (x86)\Mozilla Firefox\browser\features\webcompat@mozilla.org.xpi
1486364897233	addons.xpi	DEBUG	Calling bootstrap method startup on webcompat@mozilla.org version 1.0
1486364897239	addons.manager	DEBUG	Registering shutdown blocker for XPIProvider
1486364897240	addons.manager	DEBUG	Provider finished startup: XPIProvider
1486364897240	addons.manager	DEBUG	Starting provider: LightweightThemeManager
1486364897240	addons.manager	DEBUG	Registering shutdown blocker for LightweightThemeManager
1486364897241	addons.manager	DEBUG	Provider finished startup: LightweightThemeManager
1486364897243	addons.manager	DEBUG	Starting provider: GMPProvider
1486364897267	addons.manager	DEBUG	Registering shutdown blocker for GMPProvider
1486364897268	addons.manager	DEBUG	Provider finished startup: GMPProvider
1486364897268	addons.manager	DEBUG	Starting provider: PluginProvider
1486364897269	addons.manager	DEBUG	Registering shutdown blocker for PluginProvider
1486364897269	addons.manager	DEBUG	Provider finished startup: PluginProvider
1486364897270	addons.manager	DEBUG	Completed startup sequence
1486364900204	addons.manager	DEBUG	Starting provider: <unnamed-provider>
1486364900206	addons.manager	DEBUG	Registering shutdown blocker for <unnamed-provider>
1486364900206	addons.manager	DEBUG	Provider finished startup: <unnamed-provider>
1486364900721	DeferredSave.extensions.json	DEBUG	Write succeeded
1486364900722	addons.xpi-utils	DEBUG	XPI Database saved, setting schema version preference to 19
1486364900722	DeferredSave.extensions.json	DEBUG	Starting timer
1486364900871	DeferredSave.extensions.json	DEBUG	Starting write
1486364902582	addons.repository	DEBUG	No addons.json found.
1486364902585	DeferredSave.addons.json	DEBUG	Save changes
1486364902614	DeferredSave.addons.json	DEBUG	Starting timer
1486364907999	addons.manager	DEBUG	Starting provider: PreviousExperimentProvider
1486364908000	addons.manager	DEBUG	Registering shutdown blocker for PreviousExperimentProvider
1486364908001	addons.manager	DEBUG	Provider finished startup: PreviousExperimentProvider
1486364908052	DeferredSave.addons.json	DEBUG	Starting write
1486364908132	DeferredSave.extensions.json	DEBUG	Write succeeded
1486364908452	DeferredSave.addons.json	DEBUG	Write succeeded
1486364919669	addons.xpi	DEBUG	Calling bootstrap method shutdown on webcompat@mozilla.org version 1.0
1486364919671	addons.xpi	DEBUG	Calling bootstrap method shutdown on firefox@getpocket.com version 1.0.5
1486364919672	addons.xpi	DEBUG	Calling bootstrap method shutdown on e10srollout@mozilla.org version 1.7
1486364919675	addons.xpi	DEBUG	Calling bootstrap method shutdown on aushelper@mozilla.org version 1.0
1486364920344	addons.manager	DEBUG	shutdown
1486364920345	addons.manager	DEBUG	Calling shutdown blocker for XPIProvider
1486364920346	addons.xpi	DEBUG	shutdown
1486364920346	addons.xpi-utils	DEBUG	shutdown
1486364920348	addons.manager	DEBUG	Calling shutdown blocker for LightweightThemeManager
1486364920349	addons.manager	DEBUG	Calling shutdown blocker for GMPProvider
1486364920359	addons.manager	DEBUG	Calling shutdown blocker for PluginProvider
1486364920360	addons.manager	DEBUG	Calling shutdown blocker for <unnamed-provider>
1486364920365	addons.manager	DEBUG	Calling shutdown blocker for PreviousExperimentProvider
1486364920375	addons.xpi	DEBUG	Notifying XPI shutdown observers
1486364920388	addons.manager	DEBUG	Async provider shutdown done

Build info: version: '2.53.0', revision: '35ae25b', time: '2016-03-15 16:57:40'
System info: host: 'Lenovo-PC', ip: '192.168.209.1', os.name: 'Windows 8.1', os.arch: 'amd64', os.version: '6.3', java.version: '1.7.0_79'
Driver info: driver.version: FirefoxDriver
	at org.openqa.selenium.firefox.internal.NewProfileExtensionConnection.start(NewProfileExtensionConnection.java:124)
	at org.openqa.selenium.firefox.FirefoxDriver.startClient(FirefoxDriver.java:271)
	at org.openqa.selenium.remote.RemoteWebDriver.<init>(RemoteWebDriver.java:119)
	at org.openqa.selenium.firefox.FirefoxDriver.<init>(FirefoxDriver.java:218)
	at org.openqa.selenium.firefox.FirefoxDriver.<init>(FirefoxDriver.java:211)
	at org.openqa.selenium.firefox.FirefoxDriver.<init>(FirefoxDriver.java:207)
	at org.openqa.selenium.firefox.FirefoxDriver.<init>(FirefoxDriver.java:120)
	at practice.GeicoApp.setUp(GeicoApp.java:111)
	at sun.reflect.NativeMethodAccessorImpl.invoke0(Native Method)
	at sun.reflect.NativeMethodAccessorImpl.invoke(Unknown Source)
	at sun.reflect.DelegatingMethodAccessorImpl.invoke(Unknown Source)
	at java.lang.reflect.Method.invoke(Unknown Source)
	at org.testng.internal.MethodInvocationHelper.invokeMethod(MethodInvocationHelper.java:85)
	at org.testng.internal.Invoker.invokeConfigurationMethod(Invoker.java:510)
	at org.testng.internal.Invoker.invokeConfigurations(Invoker.java:211)
	at org.testng.internal.Invoker.invokeMethod(Invoker.java:585)
	at org.testng.internal.Invoker.invokeTestMethod(Invoker.java:816)
	at org.testng.internal.Invoker.invokeTestMethods(Invoker.java:1124)
	at org.testng.internal.TestMethodWorker.invokeTestMethods(TestMethodWorker.java:125)
	at org.testng.internal.TestMethodWorker.run(TestMethodWorker.java:108)
	at org.testng.TestRunner.privateRun(TestRunner.java:774)
	at org.testng.TestRunner.run(TestRunner.java:624)
	at org.testng.SuiteRunner.runTest(SuiteRunner.java:359)
	at org.testng.SuiteRunner.runSequentially(SuiteRunner.java:354)
	at org.testng.SuiteRunner.privateRun(SuiteRunner.java:312)
	at org.testng.SuiteRunner.run(SuiteRunner.java:261)
	at org.testng.SuiteRunnerWorker.runSuite(SuiteRunnerWorker.java:52)
	at org.testng.SuiteRunnerWorker.run(SuiteRunnerWorker.java:86)
	at org.testng.TestNG.runSuitesSequentially(TestNG.java:1215)
	at org.testng.TestNG.runSuitesLocally(TestNG.java:1140)
	at org.testng.TestNG.run(TestNG.java:1048)
	at org.testng.remote.AbstractRemoteTestNG.run(AbstractRemoteTestNG.java:126)
	at org.testng.remote.RemoteTestNG.initAndRun(RemoteTestNG.java:137)
	at org.testng.remote.RemoteTestNG.main(RemoteTestNG.java:58)
Caused by: org.openqa.selenium.firefox.NotConnectedException: Unable to connect to host 127.0.0.1 on port 7055 after 45000 ms. Firefox console output:
pi	DEBUG	Calling bootstrap method startup on aushelper@mozilla.org version 1.0
1486364897214	addons.xpi	DEBUG	Registering manifest for C:\Program Files (x86)\Mozilla Firefox\browser\features\e10srollout@mozilla.org.xpi
1486364897217	addons.xpi	DEBUG	Calling bootstrap method startup on e10srollout@mozilla.org version 1.7
1486364897219	addons.xpi	DEBUG	Registering manifest for C:\Program Files (x86)\Mozilla Firefox\browser\features\firefox@getpocket.com.xpi
1486364897221	addons.xpi	DEBUG	Calling bootstrap method startup on firefox@getpocket.com version 1.0.5
1486364897231	addons.xpi	DEBUG	Registering manifest for C:\Program Files (x86)\Mozilla Firefox\browser\features\webcompat@mozilla.org.xpi
1486364897233	addons.xpi	DEBUG	Calling bootstrap method startup on webcompat@mozilla.org version 1.0
1486364897239	addons.manager	DEBUG	Registering shutdown blocker for XPIProvider
1486364897240	addons.manager	DEBUG	Provider finished startup: XPIProvider
1486364897240	addons.manager	DEBUG	Starting provider: LightweightThemeManager
1486364897240	addons.manager	DEBUG	Registering shutdown blocker for LightweightThemeManager
1486364897241	addons.manager	DEBUG	Provider finished startup: LightweightThemeManager
1486364897243	addons.manager	DEBUG	Starting provider: GMPProvider
1486364897267	addons.manager	DEBUG	Registering shutdown blocker for GMPProvider
1486364897268	addons.manager	DEBUG	Provider finished startup: GMPProvider
1486364897268	addons.manager	DEBUG	Starting provider: PluginProvider
1486364897269	addons.manager	DEBUG	Registering shutdown blocker for PluginProvider
1486364897269	addons.manager	DEBUG	Provider finished startup: PluginProvider
1486364897270	addons.manager	DEBUG	Completed startup sequence
1486364900204	addons.manager	DEBUG	Starting provider: <unnamed-provider>
1486364900206	addons.manager	DEBUG	Registering shutdown blocker for <unnamed-provider>
1486364900206	addons.manager	DEBUG	Provider finished startup: <unnamed-provider>
1486364900721	DeferredSave.extensions.json	DEBUG	Write succeeded
1486364900722	addons.xpi-utils	DEBUG	XPI Database saved, setting schema version preference to 19
1486364900722	DeferredSave.extensions.json	DEBUG	Starting timer
1486364900871	DeferredSave.extensions.json	DEBUG	Starting write
1486364902582	addons.repository	DEBUG	No addons.json found.
1486364902585	DeferredSave.addons.json	DEBUG	Save changes
1486364902614	DeferredSave.addons.json	DEBUG	Starting timer
1486364907999	addons.manager	DEBUG	Starting provider: PreviousExperimentProvider
1486364908000	addons.manager	DEBUG	Registering shutdown blocker for PreviousExperimentProvider
1486364908001	addons.manager	DEBUG	Provider finished startup: PreviousExperimentProvider
1486364908052	DeferredSave.addons.json	DEBUG	Starting write
1486364908132	DeferredSave.extensions.json	DEBUG	Write succeeded
1486364908452	DeferredSave.addons.json	DEBUG	Write succeeded
1486364919669	addons.xpi	DEBUG	Calling bootstrap method shutdown on webcompat@mozilla.org version 1.0
1486364919671	addons.xpi	DEBUG	Calling bootstrap method shutdown on firefox@getpocket.com version 1.0.5
1486364919672	addons.xpi	DEBUG	Calling bootstrap method shutdown on e10srollout@mozilla.org version 1.7
1486364919675	addons.xpi	DEBUG	Calling bootstrap method shutdown on aushelper@mozilla.org version 1.0
1486364920344	addons.manager	DEBUG	shutdown
1486364920345	addons.manager	DEBUG	Calling shutdown blocker for XPIProvider
1486364920346	addons.xpi	DEBUG	shutdown
1486364920346	addons.xpi-utils	DEBUG	shutdown
1486364920348	addons.manager	DEBUG	Calling shutdown blocker for LightweightThemeManager
1486364920349	addons.manager	DEBUG	Calling shutdown blocker for GMPProvider
1486364920359	addons.manager	DEBUG	Calling shutdown blocker for PluginProvider
1486364920360	addons.manager	DEBUG	Calling shutdown blocker for <unnamed-provider>
1486364920365	addons.manager	DEBUG	Calling shutdown blocker for PreviousExperimentProvider
1486364920375	addons.xpi	DEBUG	Notifying XPI shutdown observers
1486364920388	addons.manager	DEBUG	Async provider shutdown done

	at org.openqa.selenium.firefox.internal.NewProfileExtensionConnection.start(NewProfileExtensionConnection.java:112)
	... 33 more
]]>
    </error>
  </testcase> <!-- testLogin -->
</testsuite> <!-- practice.GeicoApp -->
