<?xml version="1.0" encoding="UTF-8"?>
<!-- Generated by org.testng.reporters.JUnitReportReporter -->
<testsuite hostname="Lenovo-PC" name="practice.DependencyTestDemo" tests="2" failures="0" timestamp="20 Mar 2017 11:35:56 GMT" time="0.049" errors="0">
  <testcase name="meth1" time="0.038" classname="practice.DependencyTestDemo"/>
  <testcase name="meth2" time="0.011" classname="practice.DependencyTestDemo"/>
</testsuite> <!-- practice.DependencyTestDemo -->
